<?xml version="1.0" encoding="UTF-8"?>
<testsuite name="TestSuite" time="1.113" tests="1" errors="0" skipped="0" failures="1">
  <properties>
[...]
</properties>
  <testcase name="amazonTest" classname="com.learnautomation.testcases.AmazonTest" time="1.113">
    <failure message="Element &lt;img src=&quot;https://images-eu.ssl-images-amazon.com/images/G/31/img20/kitchen/Herotators/XCM_Manual_1231691_1222782_IN_in_x999_store_in_en_3179209_1500x600_en_IN._CB410654551_.jpg&quot;&gt; could not be scrolled into view&#10;Build info: version: &apos;3.14.0&apos;, revision: &apos;aacccce0&apos;, time: &apos;2018-08-02T20:19:58.91Z&apos;&#10;System info: host: &apos;DESKTOP-R03G4EV&apos;, ip: &apos;172.17.80.1&apos;, os.name: &apos;Windows 10&apos;, os.arch: &apos;amd64&apos;, os.version: &apos;10.0&apos;, java.version: &apos;11.0.8&apos;&#10;Driver info: org.openqa.selenium.firefox.FirefoxDriver&#10;Capabilities {acceptInsecureCerts: true, browserName: firefox, browserVersion: 78.0.2, javascriptEnabled: true, moz:accessibilityChecks: false, moz:buildID: 20200708170202, moz:geckodriverVersion: 0.26.0, moz:headless: false, moz:processID: 5628, moz:profile: C:\Users\akshay\AppData\Loc..., moz:shutdownTimeout: 60000, moz:useNonSpecCompliantPointerOrigin: false, moz:webdriverClick: true, pageLoadStrategy: normal, platform: WINDOWS, platformName: WINDOWS, platformVersion: 10.0, rotatable: false, setWindowRect: true, strictFileInteractability: false, timeouts: {implicit: 0, pageLoad: 300000, script: 30000}, unhandledPromptBehavior: dismiss and notify}&#10;Session ID: b4941963-ac12-42f4-a919-5aa254789fde" type="org.openqa.selenium.ElementNotInteractableException"><![CDATA[org.openqa.selenium.ElementNotInteractableException: Element <img src="https://images-eu.ssl-images-amazon.com/images/G/31/img20/kitchen/Herotators/XCM_Manual_1231691_1222782_IN_in_x999_store_in_en_3179209_1500x600_en_IN._CB410654551_.jpg"> could not be scrolled into view
Build info: version: '3.14.0', revision: 'aacccce0', time: '2018-08-02T20:19:58.91Z'
System info: host: 'DESKTOP-R03G4EV', ip: '172.17.80.1', os.name: 'Windows 10', os.arch: 'amd64', os.version: '10.0', java.version: '11.0.8'
Driver info: org.openqa.selenium.firefox.FirefoxDriver
Capabilities {acceptInsecureCerts: true, browserName: firefox, browserVersion: 78.0.2, javascriptEnabled: true, moz:accessibilityChecks: false, moz:buildID: 20200708170202, moz:geckodriverVersion: 0.26.0, moz:headless: false, moz:processID: 5628, moz:profile: C:\Users\akshay\AppData\Loc..., moz:shutdownTimeout: 60000, moz:useNonSpecCompliantPointerOrigin: false, moz:webdriverClick: true, pageLoadStrategy: normal, platform: WINDOWS, platformName: WINDOWS, platformVersion: 10.0, rotatable: false, setWindowRect: true, strictFileInteractability: false, timeouts: {implicit: 0, pageLoad: 300000, script: 30000}, unhandledPromptBehavior: dismiss and notify}
Session ID: b4941963-ac12-42f4-a919-5aa254789fde
	at java.base/jdk.internal.reflect.NativeConstructorAccessorImpl.newInstance0(Native Method)
	at java.base/jdk.internal.reflect.NativeConstructorAccessorImpl.newInstance(NativeConstructorAccessorImpl.java:62)
	at java.base/jdk.internal.reflect.DelegatingConstructorAccessorImpl.newInstance(DelegatingConstructorAccessorImpl.java:45)
	at java.base/java.lang.reflect.Constructor.newInstance(Constructor.java:490)
	at org.openqa.selenium.remote.http.W3CHttpResponseCodec.createException(W3CHttpResponseCodec.java:187)
	at org.openqa.selenium.remote.http.W3CHttpResponseCodec.decode(W3CHttpResponseCodec.java:122)
	at org.openqa.selenium.remote.http.W3CHttpResponseCodec.decode(W3CHttpResponseCodec.java:49)
	at org.openqa.selenium.remote.HttpCommandExecutor.execute(HttpCommandExecutor.java:158)
	at org.openqa.selenium.remote.service.DriverCommandExecutor.execute(DriverCommandExecutor.java:83)
	at org.openqa.selenium.remote.RemoteWebDriver.execute(RemoteWebDriver.java:548)
	at org.openqa.selenium.remote.RemoteWebElement.execute(RemoteWebElement.java:276)
	at org.openqa.selenium.remote.RemoteWebElement.click(RemoteWebElement.java:83)
	at com.learnautomation.pages.AmazonPage.selectBook(AmazonPage.java:33)
	at com.learnautomation.testcases.AmazonTest.amazonTest(AmazonTest.java:21)
]]></failure>
    <system-out><![CDATA[Setting up the reports and test is getting ready
Settup completed and Test can be started
Starting the browser and application is getting ready
Browser and Application is up and running
]]></system-out>
    <system-err><![CDATA[SLF4J: Failed to load class "org.slf4j.impl.StaticLoggerBinder".
SLF4J: Defaulting to no-operation (NOP) logger implementation
SLF4J: See http://www.slf4j.org/codes.html#StaticLoggerBinder for further details.
1610687707578	mozrunner::runner	INFO	Running command: "C:\\Program Files\\Mozilla Firefox\\firefox.exe" "-marionette" "-foreground" "-no-remote" "-profile" "C:\\Users\\akshay\\AppData\\Local\\Temp\\rust_mozprofileMOyonx"
JavaScript error: resource://gre/modules/XULStore.jsm, line 66: Error: Can't find profile directory.
1610687714712	Marionette	INFO	Listening on port 57373
1610687715029	Marionette	WARN	TLS certificate errors will be ignored for this session
Jan 15, 2021 10:45:15 AM org.openqa.selenium.remote.ProtocolHandshake createSession
INFO: Detected dialect: W3C
JavaScript error: https://images-eu.ssl-images-amazon.com/images/I/11Y+5x+kkTL._RC|510-DqpHv3L.js,11HZwqTrxmL.js,11giXtZCwVL.js,01+z+uIeJ-L.js,014VApivrFL.js,21NNXfMitSL.js,11GXfd3+z+L.js,513Ys2IkKiL.js,11AHlQhPRjL.js,01Gpt4sPPhL.js,11OREnu1epL.js,11KbZymw5ZL.js,21r53SJg7LL.js,0190vxtlzcL.js,51A3Le4wx8L.js,31R+Yg2le+L.js,01Gf12ogmOL.js,01ezj5Rkz1L.js,11VS-C+YWGL.js,31pOTH2ZMRL.js,01rpauTep4L.js,016o2mNzRuL.js_.js?AUIClients/AmazonUI&ooutlTyX#page_type-Gateway, line 162: SyntaxError: FontFaceSet.load: Invalid font shorthand
JavaScript error: https://images-eu.ssl-images-amazon.com/images/I/11Y+5x+kkTL._RC|510-DqpHv3L.js,11HZwqTrxmL.js,11giXtZCwVL.js,01+z+uIeJ-L.js,014VApivrFL.js,21NNXfMitSL.js,11GXfd3+z+L.js,513Ys2IkKiL.js,11AHlQhPRjL.js,01Gpt4sPPhL.js,11OREnu1epL.js,11KbZymw5ZL.js,21r53SJg7LL.js,0190vxtlzcL.js,51A3Le4wx8L.js,31R+Yg2le+L.js,01Gf12ogmOL.js,01ezj5Rkz1L.js,11VS-C+YWGL.js,31pOTH2ZMRL.js,01rpauTep4L.js,016o2mNzRuL.js_.js?AUIClients/AmazonUI&ooutlTyX#page_type-Gateway, line 162: SyntaxError: FontFaceSet.load: Invalid font shorthand
JavaScript error: https://images-eu.ssl-images-amazon.com/images/I/11Y+5x+kkTL._RC|510-DqpHv3L.js,11HZwqTrxmL.js,11giXtZCwVL.js,01+z+uIeJ-L.js,014VApivrFL.js,21NNXfMitSL.js,11GXfd3+z+L.js,513Ys2IkKiL.js,11AHlQhPRjL.js,01Gpt4sPPhL.js,11OREnu1epL.js,11KbZymw5ZL.js,21r53SJg7LL.js,0190vxtlzcL.js,51A3Le4wx8L.js,31R+Yg2le+L.js,01Gf12ogmOL.js,01ezj5Rkz1L.js,11VS-C+YWGL.js,31pOTH2ZMRL.js,01rpauTep4L.js,016o2mNzRuL.js_.js?AUIClients/AmazonUI&ooutlTyX#page_type-Gateway, line 162: SyntaxError: FontFaceSet.load: Invalid font shorthand
JavaScript error: https://images-eu.ssl-images-amazon.com/images/I/11Y+5x+kkTL._RC|510-DqpHv3L.js,11HZwqTrxmL.js,11giXtZCwVL.js,01+z+uIeJ-L.js,014VApivrFL.js,21NNXfMitSL.js,11GXfd3+z+L.js,513Ys2IkKiL.js,11AHlQhPRjL.js,01Gpt4sPPhL.js,11OREnu1epL.js,11KbZymw5ZL.js,21r53SJg7LL.js,0190vxtlzcL.js,51A3Le4wx8L.js,31R+Yg2le+L.js,01Gf12ogmOL.js,01ezj5Rkz1L.js,11VS-C+YWGL.js,31pOTH2ZMRL.js,01rpauTep4L.js,016o2mNzRuL.js_.js?AUIClients/AmazonUI&ooutlTyX#page_type-Gateway, line 162: SyntaxError: FontFaceSet.load: Invalid font shorthand
]]></system-err>
  </testcase>
</testsuite>